<?xml version="1.0" encoding="UTF-8"?>
<!-- Generated by org.testng.reporters.JUnitXMLReporter -->
<testsuite hostname="Manam-s" ignored="1" name="TestFF" tests="2" failures="0" timestamp="30 Apr 2018 14:06:47 GMT" time="70.562" errors="0">
  <testcase name="testvalidLogin" time="9.972" classname="script.Validation"/>
  <testcase name="testcheckprductVersion" time="5.88" classname="script.checkPrductVersion"/>
  <testcase name="testInvalidLogin" time="0.0" classname="script.Invalidlogin">
    <ignored/>
  </testcase> <!-- testInvalidLogin -->
</testsuite> <!-- TestFF -->
