<?xml version="1.0" encoding="UTF-8"?>
<!-- Generated by org.testng.reporters.JUnitXMLReporter -->
<testsuite hostname="Manam-s" ignored="1" name="TestFF" tests="2" failures="0" timestamp="02 May 2018 18:17:07 GMT" time="77.097" errors="0">
  <testcase name="testvalidLogin" time="12.086" classname="script.Validation"/>
  <testcase name="testcheckprductVersion" time="9.392" classname="script.checkPrductVersion"/>
  <testcase name="testInvalidLogin" time="0.0" classname="script.Invalidlogin">
    <ignored/>
  </testcase> <!-- testInvalidLogin -->
</testsuite> <!-- TestFF -->
