<?xml version="1.0" encoding="UTF-8"?>
<testng-results skipped="0" failed="0" ignored="1" total="3" passed="2">
  <reporter-output>
    <line>
      <![CDATA[logout is Displayed]]>
    </line>
    <line>
      <![CDATA[logout is Displayed]]>
    </line>
  </reporter-output>
  <suite name="Suite" duration-ms="77097" started-at="2018-05-02T18:15:50Z" finished-at="2018-05-02T18:17:07Z">
    <groups>
      <group name="smoke">
        <method signature="Validation.testvalidLogin()[pri:2, instance:script.Validation@366e2eef]" name="testvalidLogin" class="script.Validation"/>
      </group> <!-- smoke -->
      <group name="Login">
        <method signature="Validation.testvalidLogin()[pri:2, instance:script.Validation@366e2eef]" name="testvalidLogin" class="script.Validation"/>
      </group> <!-- Login -->
      <group name="version">
        <method signature="checkPrductVersion.testcheckprductVersion()[pri:4, instance:script.checkPrductVersion@34b7bfc0]" name="testcheckprductVersion" class="script.checkPrductVersion"/>
      </group> <!-- version -->
    </groups>
    <test name="TestFF" duration-ms="77097" started-at="2018-05-02T18:15:50Z" finished-at="2018-05-02T18:17:07Z">
      <class name="script.Validation">
        <test-method status="PASS" signature="openApplication(java.lang.String)[pri:0, instance:script.Validation@366e2eef]" name="openApplication" is-config="true" duration-ms="35673" started-at="2018-05-02T18:15:50Z" finished-at="2018-05-02T18:16:26Z">
          <params>
            <param index="0">
              <value>
                <![CDATA[Firefox]]>
              </value>
            </param>
          </params>
          <reporter-output>
          </reporter-output>
        </test-method> <!-- openApplication -->
        <test-method status="PASS" signature="testvalidLogin()[pri:2, instance:script.Validation@366e2eef]" name="testvalidLogin" duration-ms="12086" started-at="2018-05-02T18:16:26Z" finished-at="2018-05-02T18:16:38Z">
          <reporter-output>
            <line>
              <![CDATA[logout is Displayed]]>
            </line>
          </reporter-output>
        </test-method> <!-- testvalidLogin -->
        <test-method status="PASS" signature="closeApplication(org.testng.ITestResult)[pri:0, instance:script.Validation@366e2eef]" name="closeApplication" is-config="true" duration-ms="854" started-at="2018-05-02T18:16:38Z" finished-at="2018-05-02T18:16:38Z">
          <params>
            <param index="0">
              <value>
                <![CDATA[[TestResult name=testvalidLogin status=SUCCESS method=Validation.testvalidLogin()[pri:2, instance:script.Validation@366e2eef] output=logout is Displayed]]]>
              </value>
            </param>
          </params>
          <reporter-output>
          </reporter-output>
        </test-method> <!-- closeApplication -->
      </class> <!-- script.Validation -->
      <class name="script.checkPrductVersion">
        <test-method status="PASS" signature="openApplication(java.lang.String)[pri:0, instance:script.checkPrductVersion@34b7bfc0]" name="openApplication" is-config="true" duration-ms="17287" started-at="2018-05-02T18:16:38Z" finished-at="2018-05-02T18:16:56Z">
          <params>
            <param index="0">
              <value>
                <![CDATA[Firefox]]>
              </value>
            </param>
          </params>
          <reporter-output>
          </reporter-output>
        </test-method> <!-- openApplication -->
        <test-method status="PASS" signature="testcheckprductVersion()[pri:4, instance:script.checkPrductVersion@34b7bfc0]" name="testcheckprductVersion" duration-ms="9392" started-at="2018-05-02T18:16:56Z" finished-at="2018-05-02T18:17:05Z">
          <reporter-output>
            <line>
              <![CDATA[logout is Displayed]]>
            </line>
          </reporter-output>
        </test-method> <!-- testcheckprductVersion -->
        <test-method status="PASS" signature="closeApplication(org.testng.ITestResult)[pri:0, instance:script.checkPrductVersion@34b7bfc0]" name="closeApplication" is-config="true" duration-ms="1715" started-at="2018-05-02T18:17:05Z" finished-at="2018-05-02T18:17:07Z">
          <params>
            <param index="0">
              <value>
                <![CDATA[[TestResult name=testcheckprductVersion status=SUCCESS method=checkPrductVersion.testcheckprductVersion()[pri:4, instance:script.checkPrductVersion@34b7bfc0] output=logout is Displayed]]]>
              </value>
            </param>
          </params>
          <reporter-output>
          </reporter-output>
        </test-method> <!-- closeApplication -->
      </class> <!-- script.checkPrductVersion -->
    </test> <!-- TestFF -->
  </suite> <!-- Suite -->
</testng-results>
